<?xml version="1.0" encoding="UTF-8"?>
<!-- Generated by org.testng.reporters.JUnitReportReporter -->
<testsuite hostname="Venky" failures="0" tests="2" name="Academy.Testcases" time="26.420" errors="0" timestamp="2021-10-08T18:42:52 IST" skipped="0">
  <testcase classname="Academy.Testcases" name="browserTest" time="6.604"/>
  <system-out/>
  <testcase classname="Academy.Testcases" name="browserTest" time="19.816"/>
  <system-out/>
</testsuite> <!-- Academy.Testcases -->
