<?xml version="1.0" encoding="UTF-8"?>
<!-- Generated by org.testng.reporters.JUnitReportReporter -->
<testsuite hostname="Venky" failures="0" tests="1" name="Academy.Testcase1" time="16.091" errors="0" timestamp="2021-10-08T18:42:52 IST" skipped="0">
  <testcase classname="Academy.Testcase1" name="titleValid" time="16.091"/>
  <system-out/>
</testsuite> <!-- Academy.Testcase1 -->
