<?xml version="1.0" encoding="UTF-8"?>
<!-- Generated by org.testng.reporters.JUnitReportReporter -->
<testsuite skipped="0" hostname="Venky" name="Academy.Testcases" tests="2" failures="0" timestamp="2021-10-02T11:43:55 IST" time="47.239" errors="0">
  <testcase name="browserTest" time="22.797" classname="Academy.Testcases"/>
  <system-out/>
  <testcase name="browserTest" time="24.442" classname="Academy.Testcases"/>
  <system-out/>
</testsuite> <!-- Academy.Testcases -->
