<?xml version="1.0" encoding="UTF-8"?>
<!-- Generated by org.testng.reporters.JUnitReportReporter -->
<testsuite skipped="0" hostname="Venky" name="Academy.Testcase1" tests="1" failures="0" timestamp="2021-10-02T11:43:55 IST" time="28.406" errors="0">
  <testcase name="titleValid" time="28.406" classname="Academy.Testcase1"/>
  <system-out/>
</testsuite> <!-- Academy.Testcase1 -->
